<?xml version="1.0" encoding="UTF-8"?>
<testsuite name="com.cp3.CompleteBinaryTreeTest" tests="1" skipped="0" failures="0" errors="0" timestamp="2018-07-14T14:59:20" hostname="trapaank" time="0.003">
  <properties/>
  <testcase name="createBinaryTree" classname="com.cp3.CompleteBinaryTreeTest" time="0.003"/>
  <system-out><![CDATA[4
2
6
1
3
5
7
]]></system-out>
  <system-err><![CDATA[]]></system-err>
</testsuite>
