<?xml version="1.0" encoding="UTF-8"?>
<testsuite name="com.cc.LECANDYTest" tests="1" skipped="0" failures="0" errors="0" timestamp="2020-08-08T03:29:54" hostname="SIYARAM" time="0.007">
  <properties/>
  <testcase name="canDistributeCandy" classname="com.cc.LECANDYTest" time="0.007"/>
  <system-out><![CDATA[]]></system-out>
  <system-err><![CDATA[]]></system-err>
</testsuite>
