<?xml version="1.0" encoding="UTF-8"?>
<testsuite name="com.cp3.ParanthesisTest" tests="1" skipped="0" failures="0" errors="0" timestamp="2020-08-08T03:29:55" hostname="SIYARAM" time="0.003">
  <properties/>
  <testcase name="validateParans" classname="com.cp3.ParanthesisTest" time="0.003"/>
  <system-out><![CDATA[]]></system-out>
  <system-err><![CDATA[]]></system-err>
</testsuite>
