<?xml version="1.0" encoding="UTF-8"?>
<testsuite name="com.cp3.ParanthesisTest" tests="1" skipped="0" failures="0" errors="0" timestamp="2021-06-06T21:13:59" hostname="DESKTOP-06H61AM" time="0.002">
  <properties/>
  <testcase name="validateParans" classname="com.cp3.ParanthesisTest" time="0.002"/>
  <system-out><![CDATA[]]></system-out>
  <system-err><![CDATA[]]></system-err>
</testsuite>
