<?xml version="1.0" encoding="UTF-8"?>
<testsuite name="com.cp3.PostFixEvalTest" tests="1" skipped="0" failures="0" errors="0" timestamp="2020-08-08T03:29:55" hostname="SIYARAM" time="0.002">
  <properties/>
  <testcase name="evaluate" classname="com.cp3.PostFixEvalTest" time="0.002"/>
  <system-out><![CDATA[]]></system-out>
  <system-err><![CDATA[]]></system-err>
</testsuite>
