<?xml version="1.0" encoding="UTF-8"?>
<testsuite name="com.di.sd17.CobraTempleTest" tests="3" skipped="0" failures="0" errors="0" timestamp="2020-08-08T03:29:55" hostname="SIYARAM" time="0.007">
  <properties/>
  <testcase name="buildTemple" classname="com.di.sd17.CobraTempleTest" time="0.005"/>
  <testcase name="checkTemple" classname="com.di.sd17.CobraTempleTest" time="0.0"/>
  <testcase name="buildTemple1" classname="com.di.sd17.CobraTempleTest" time="0.0"/>
  <system-out><![CDATA[]]></system-out>
  <system-err><![CDATA[]]></system-err>
</testsuite>
