<?xml version="1.0" encoding="UTF-8"?>
<testsuite name="com.cp3.ParanthesisTest" tests="1" skipped="0" failures="0" errors="0" timestamp="2018-07-14T14:59:20" hostname="trapaank" time="0.001">
  <properties/>
  <testcase name="validateParans" classname="com.cp3.ParanthesisTest" time="0.001"/>
  <system-out><![CDATA[]]></system-out>
  <system-err><![CDATA[]]></system-err>
</testsuite>
