<?xml version="1.0" encoding="UTF-8"?>
<testsuite name="com.di.sd17.CobraTempleTest" tests="3" skipped="0" failures="0" errors="0" timestamp="2018-07-14T14:59:20" hostname="trapaank" time="0.011">
  <properties/>
  <testcase name="buildTemple" classname="com.di.sd17.CobraTempleTest" time="0.01"/>
  <testcase name="checkTemple" classname="com.di.sd17.CobraTempleTest" time="0.001"/>
  <testcase name="buildTemple1" classname="com.di.sd17.CobraTempleTest" time="0.0"/>
  <system-out><![CDATA[]]></system-out>
  <system-err><![CDATA[]]></system-err>
</testsuite>
