<?xml version="1.0" encoding="UTF-8"?>
<testsuite name="com.cp3.CompleteBinaryTreeTest" tests="1" skipped="0" failures="0" errors="0" timestamp="2020-08-08T03:29:55" hostname="SIYARAM" time="0.004">
  <properties/>
  <testcase name="createBinaryTree" classname="com.cp3.CompleteBinaryTreeTest" time="0.004"/>
  <system-out><![CDATA[4
2
6
1
3
5
7
]]></system-out>
  <system-err><![CDATA[]]></system-err>
</testsuite>
