<?xml version="1.0" encoding="UTF-8"?>
<testsuite name="com.cc.TestSALARY" tests="1" skipped="0" failures="0" errors="0" timestamp="2019-10-21T05:13:21" hostname="trapaank" time="0.005">
  <properties/>
  <testcase name="testSalary" classname="com.cc.TestSALARY" time="0.005"/>
  <system-out><![CDATA[]]></system-out>
  <system-err><![CDATA[]]></system-err>
</testsuite>
