<?xml version="1.0" encoding="UTF-8"?>
<testsuite name="com.cp3.ArraySumTest" tests="2" skipped="0" failures="0" errors="0" timestamp="2018-07-14T14:59:20" hostname="trapaank" time="0.001">
  <properties/>
  <testcase name="isSumPresent" classname="com.cp3.ArraySumTest" time="0.0"/>
  <testcase name="isSumPresent_" classname="com.cp3.ArraySumTest" time="0.001"/>
  <system-out><![CDATA[]]></system-out>
  <system-err><![CDATA[]]></system-err>
</testsuite>
