<?xml version="1.0" encoding="UTF-8"?>
<testsuite name="com.cp3.ch01.MinWeightXorPairsTest" tests="1" skipped="0" failures="0" errors="0" timestamp="2021-06-06T21:13:59" hostname="DESKTOP-06H61AM" time="0.003">
  <properties/>
  <testcase name="getMinCost" classname="com.cp3.ch01.MinWeightXorPairsTest" time="0.003"/>
  <system-out><![CDATA[{0=1=8.602325267042627, 2=3=7.0710678118654755, 0=2=8.602325267042627, 1=3=7.615773105863909, 0=3=2.0, 1=2=2.8284271247461903}
]]></system-out>
  <system-err><![CDATA[]]></system-err>
</testsuite>
