<?xml version="1.0" encoding="UTF-8"?>
<testsuite name="com.cc.LECANDYTest" tests="1" skipped="0" failures="0" errors="0" timestamp="2021-06-06T21:13:59" hostname="DESKTOP-06H61AM" time="0.003">
  <properties/>
  <testcase name="canDistributeCandy" classname="com.cc.LECANDYTest" time="0.003"/>
  <system-out><![CDATA[]]></system-out>
  <system-err><![CDATA[]]></system-err>
</testsuite>
