<?xml version="1.0" encoding="UTF-8"?>
<testsuite name="com.cp3.ch01.MinWeightPairsTest" tests="1" skipped="0" failures="0" errors="0" timestamp="2020-08-08T03:29:54" hostname="SIYARAM" time="0.012">
  <properties/>
  <testcase name="getMinCost" classname="com.cp3.ch01.MinWeightPairsTest" time="0.012"/>
  <system-out><![CDATA[{0=1=8.602325267042627, 2=3=7.0710678118654755, 0=2=8.602325267042627, 1=3=7.615773105863909, 0=3=2.0, 1=2=2.8284271247461903}
]]></system-out>
  <system-err><![CDATA[]]></system-err>
</testsuite>
