<?xml version="1.0" encoding="UTF-8"?>
<testsuite name="com.di.sd17.CobraTempleTest" tests="3" skipped="0" failures="0" errors="0" timestamp="2021-06-06T21:13:59" hostname="DESKTOP-06H61AM" time="0.002">
  <properties/>
  <testcase name="buildTemple" classname="com.di.sd17.CobraTempleTest" time="0.001"/>
  <testcase name="checkTemple" classname="com.di.sd17.CobraTempleTest" time="0.0"/>
  <testcase name="buildTemple1" classname="com.di.sd17.CobraTempleTest" time="0.0"/>
  <system-out><![CDATA[]]></system-out>
  <system-err><![CDATA[]]></system-err>
</testsuite>
